mode: set
github.com/ca11ou5/avito-trainee-assignment/cmd/main.go:16.13,20.16 3 0
github.com/ca11ou5/avito-trainee-assignment/cmd/main.go:20.16,24.3 2 0
github.com/ca11ou5/avito-trainee-assignment/cmd/main.go:26.2,44.16 9 0
github.com/ca11ou5/avito-trainee-assignment/cmd/main.go:44.16,48.3 2 0
github.com/ca11ou5/avito-trainee-assignment/internal/models/models.go:40.45,41.21 1 0
github.com/ca11ou5/avito-trainee-assignment/internal/models/models.go:41.21,43.3 1 0
github.com/ca11ou5/avito-trainee-assignment/internal/models/models.go:45.2,45.20 1 0
github.com/ca11ou5/avito-trainee-assignment/internal/models/models.go:45.20,47.3 1 0
github.com/ca11ou5/avito-trainee-assignment/internal/models/models.go:49.2,49.19 1 0
github.com/ca11ou5/avito-trainee-assignment/internal/models/models.go:49.19,51.3 1 0
github.com/ca11ou5/avito-trainee-assignment/internal/models/models.go:53.2,53.12 1 0
github.com/ca11ou5/avito-trainee-assignment/internal/models/models.go:68.40,69.22 1 0
github.com/ca11ou5/avito-trainee-assignment/internal/models/models.go:69.22,71.3 1 0
github.com/ca11ou5/avito-trainee-assignment/internal/models/models.go:73.2,73.22 1 0
github.com/ca11ou5/avito-trainee-assignment/internal/models/models.go:73.22,75.3 1 0
github.com/ca11ou5/avito-trainee-assignment/internal/models/models.go:77.2,77.26 1 0
github.com/ca11ou5/avito-trainee-assignment/internal/models/models.go:77.26,79.3 1 0
github.com/ca11ou5/avito-trainee-assignment/internal/models/models.go:81.2,81.25 1 0
github.com/ca11ou5/avito-trainee-assignment/internal/models/models.go:81.25,83.3 1 0
github.com/ca11ou5/avito-trainee-assignment/internal/models/models.go:85.2,85.12 1 0
github.com/ca11ou5/avito-trainee-assignment/internal/mock/auth_repository.go:9.91,12.2 2 0
github.com/ca11ou5/avito-trainee-assignment/internal/mock/auth_repository.go:14.89,17.2 2 0
github.com/ca11ou5/avito-trainee-assignment/internal/mock/auth_repository.go:19.85,22.2 2 0
github.com/ca11ou5/avito-trainee-assignment/internal/mock/auth_repository.go:24.85,27.2 2 0
github.com/ca11ou5/avito-trainee-assignment/internal/mock/merch_repository.go:14.88,17.2 2 0
github.com/ca11ou5/avito-trainee-assignment/internal/mock/merch_repository.go:19.95,22.2 2 0
github.com/ca11ou5/avito-trainee-assignment/internal/mock/merch_repository.go:24.99,27.2 2 0
github.com/ca11ou5/avito-trainee-assignment/internal/mock/merch_repository.go:29.110,32.2 2 0
github.com/ca11ou5/avito-trainee-assignment/internal/mock/merch_repository.go:34.110,37.2 2 0
github.com/ca11ou5/avito-trainee-assignment/internal/mock/merch_repository.go:39.85,42.2 2 0
github.com/ca11ou5/avito-trainee-assignment/internal/mock/merch_repository.go:44.105,47.2 2 0
github.com/ca11ou5/avito-trainee-assignment/internal/adapters/secondary/postgres/client.go:18.46,22.2 1 0
github.com/ca11ou5/avito-trainee-assignment/internal/adapters/secondary/postgres/client.go:24.42,26.16 2 0
github.com/ca11ou5/avito-trainee-assignment/internal/adapters/secondary/postgres/client.go:26.16,30.3 2 0
github.com/ca11ou5/avito-trainee-assignment/internal/adapters/secondary/postgres/client.go:32.2,33.16 2 0
github.com/ca11ou5/avito-trainee-assignment/internal/adapters/secondary/postgres/client.go:33.16,37.3 2 0
github.com/ca11ou5/avito-trainee-assignment/internal/adapters/secondary/postgres/client.go:39.2,39.11 1 0
github.com/ca11ou5/avito-trainee-assignment/internal/adapters/secondary/postgres/impl.go:65.80,69.16 3 1
github.com/ca11ou5/avito-trainee-assignment/internal/adapters/secondary/postgres/impl.go:69.16,71.3 1 1
github.com/ca11ou5/avito-trainee-assignment/internal/adapters/secondary/postgres/impl.go:73.2,73.12 1 0
github.com/ca11ou5/avito-trainee-assignment/internal/adapters/secondary/postgres/impl.go:76.87,78.16 2 1
github.com/ca11ou5/avito-trainee-assignment/internal/adapters/secondary/postgres/impl.go:78.16,80.3 1 0
github.com/ca11ou5/avito-trainee-assignment/internal/adapters/secondary/postgres/impl.go:82.2,82.12 1 1
github.com/ca11ou5/avito-trainee-assignment/internal/adapters/secondary/postgres/impl.go:85.91,89.16 3 1
github.com/ca11ou5/avito-trainee-assignment/internal/adapters/secondary/postgres/impl.go:89.16,91.3 1 0
github.com/ca11ou5/avito-trainee-assignment/internal/adapters/secondary/postgres/impl.go:93.2,93.28 1 1
github.com/ca11ou5/avito-trainee-assignment/internal/adapters/secondary/postgres/impl.go:96.102,100.16 3 0
github.com/ca11ou5/avito-trainee-assignment/internal/adapters/secondary/postgres/impl.go:100.16,102.3 1 0
github.com/ca11ou5/avito-trainee-assignment/internal/adapters/secondary/postgres/impl.go:104.2,104.21 1 0
github.com/ca11ou5/avito-trainee-assignment/internal/adapters/secondary/postgres/impl.go:104.21,105.78 1 0
github.com/ca11ou5/avito-trainee-assignment/internal/adapters/secondary/postgres/impl.go:105.78,107.4 1 0
github.com/ca11ou5/avito-trainee-assignment/internal/adapters/secondary/postgres/impl.go:109.3,109.78 1 0
github.com/ca11ou5/avito-trainee-assignment/internal/adapters/secondary/postgres/impl.go:109.78,111.4 1 0
github.com/ca11ou5/avito-trainee-assignment/internal/adapters/secondary/postgres/impl.go:113.3,113.76 1 0
github.com/ca11ou5/avito-trainee-assignment/internal/adapters/secondary/postgres/impl.go:113.76,115.4 1 0
github.com/ca11ou5/avito-trainee-assignment/internal/adapters/secondary/postgres/impl.go:117.3,117.13 1 0
github.com/ca11ou5/avito-trainee-assignment/internal/adapters/secondary/postgres/impl.go:119.2,119.16 1 0
github.com/ca11ou5/avito-trainee-assignment/internal/adapters/secondary/postgres/impl.go:119.16,121.17 2 0
github.com/ca11ou5/avito-trainee-assignment/internal/adapters/secondary/postgres/impl.go:121.17,123.4 1 0
github.com/ca11ou5/avito-trainee-assignment/internal/adapters/secondary/postgres/impl.go:124.3,124.36 1 0
github.com/ca11ou5/avito-trainee-assignment/internal/adapters/secondary/postgres/impl.go:127.2,127.26 1 0
github.com/ca11ou5/avito-trainee-assignment/internal/adapters/secondary/postgres/impl.go:130.113,135.16 4 0
github.com/ca11ou5/avito-trainee-assignment/internal/adapters/secondary/postgres/impl.go:135.16,137.3 1 0
github.com/ca11ou5/avito-trainee-assignment/internal/adapters/secondary/postgres/impl.go:139.2,141.16 3 0
github.com/ca11ou5/avito-trainee-assignment/internal/adapters/secondary/postgres/impl.go:141.16,143.3 1 0
github.com/ca11ou5/avito-trainee-assignment/internal/adapters/secondary/postgres/impl.go:145.2,150.21 2 0
github.com/ca11ou5/avito-trainee-assignment/internal/adapters/secondary/postgres/impl.go:153.110,157.16 3 0
github.com/ca11ou5/avito-trainee-assignment/internal/adapters/secondary/postgres/impl.go:157.16,159.3 1 0
github.com/ca11ou5/avito-trainee-assignment/internal/adapters/secondary/postgres/impl.go:161.2,161.19 1 0
github.com/ca11ou5/avito-trainee-assignment/internal/adapters/secondary/postgres/impl.go:164.102,168.16 3 1
github.com/ca11ou5/avito-trainee-assignment/internal/adapters/secondary/postgres/impl.go:168.16,170.3 1 0
github.com/ca11ou5/avito-trainee-assignment/internal/adapters/secondary/postgres/impl.go:172.2,172.21 1 1
github.com/ca11ou5/avito-trainee-assignment/internal/adapters/secondary/postgres/impl.go:175.102,177.16 2 1
github.com/ca11ou5/avito-trainee-assignment/internal/adapters/secondary/postgres/impl.go:177.16,179.3 1 0
github.com/ca11ou5/avito-trainee-assignment/internal/adapters/secondary/postgres/impl.go:181.2,181.21 1 1
github.com/ca11ou5/avito-trainee-assignment/internal/adapters/secondary/postgres/impl.go:181.21,183.17 2 1
github.com/ca11ou5/avito-trainee-assignment/internal/adapters/secondary/postgres/impl.go:183.17,185.4 1 0
github.com/ca11ou5/avito-trainee-assignment/internal/adapters/secondary/postgres/impl.go:187.3,187.29 1 1
github.com/ca11ou5/avito-trainee-assignment/internal/adapters/secondary/postgres/impl.go:187.29,189.4 1 0
github.com/ca11ou5/avito-trainee-assignment/internal/adapters/secondary/postgres/impl.go:191.3,192.17 2 1
github.com/ca11ou5/avito-trainee-assignment/internal/adapters/secondary/postgres/impl.go:192.17,194.4 1 0
github.com/ca11ou5/avito-trainee-assignment/internal/adapters/secondary/postgres/impl.go:196.3,197.34 2 1
github.com/ca11ou5/avito-trainee-assignment/internal/adapters/secondary/postgres/impl.go:197.34,199.4 1 0
github.com/ca11ou5/avito-trainee-assignment/internal/adapters/secondary/postgres/impl.go:201.3,201.13 1 1
github.com/ca11ou5/avito-trainee-assignment/internal/adapters/secondary/postgres/impl.go:203.2,203.16 1 1
github.com/ca11ou5/avito-trainee-assignment/internal/adapters/secondary/postgres/impl.go:203.16,205.17 2 0
github.com/ca11ou5/avito-trainee-assignment/internal/adapters/secondary/postgres/impl.go:205.17,207.4 1 0
github.com/ca11ou5/avito-trainee-assignment/internal/adapters/secondary/postgres/impl.go:208.3,208.13 1 0
github.com/ca11ou5/avito-trainee-assignment/internal/adapters/secondary/postgres/impl.go:211.2,211.20 1 1
github.com/ca11ou5/avito-trainee-assignment/internal/adapters/secondary/postgres/impl.go:214.77,218.16 3 0
github.com/ca11ou5/avito-trainee-assignment/internal/adapters/secondary/postgres/impl.go:218.16,220.3 1 0
github.com/ca11ou5/avito-trainee-assignment/internal/adapters/secondary/postgres/impl.go:222.2,222.12 1 0
github.com/ca11ou5/avito-trainee-assignment/internal/adapters/secondary/postgres/impl.go:225.97,227.16 2 0
github.com/ca11ou5/avito-trainee-assignment/internal/adapters/secondary/postgres/impl.go:227.16,229.3 1 0
github.com/ca11ou5/avito-trainee-assignment/internal/adapters/secondary/postgres/impl.go:231.2,232.16 2 0
github.com/ca11ou5/avito-trainee-assignment/internal/adapters/secondary/postgres/impl.go:232.16,234.17 2 0
github.com/ca11ou5/avito-trainee-assignment/internal/adapters/secondary/postgres/impl.go:234.17,236.4 1 0
github.com/ca11ou5/avito-trainee-assignment/internal/adapters/secondary/postgres/impl.go:237.3,237.50 1 0
github.com/ca11ou5/avito-trainee-assignment/internal/adapters/secondary/postgres/impl.go:240.2,241.33 2 0
github.com/ca11ou5/avito-trainee-assignment/internal/adapters/secondary/postgres/impl.go:241.33,244.3 2 0
github.com/ca11ou5/avito-trainee-assignment/internal/adapters/secondary/postgres/impl.go:246.2,246.20 1 0
github.com/ca11ou5/avito-trainee-assignment/internal/models/models.go:40.45,41.21 1 0
github.com/ca11ou5/avito-trainee-assignment/internal/models/models.go:41.21,43.3 1 0
github.com/ca11ou5/avito-trainee-assignment/internal/models/models.go:45.2,45.20 1 0
github.com/ca11ou5/avito-trainee-assignment/internal/models/models.go:45.20,47.3 1 0
github.com/ca11ou5/avito-trainee-assignment/internal/models/models.go:49.2,49.19 1 0
github.com/ca11ou5/avito-trainee-assignment/internal/models/models.go:49.19,51.3 1 0
github.com/ca11ou5/avito-trainee-assignment/internal/models/models.go:53.2,53.12 1 0
github.com/ca11ou5/avito-trainee-assignment/internal/models/models.go:68.40,69.22 1 0
github.com/ca11ou5/avito-trainee-assignment/internal/models/models.go:69.22,71.3 1 0
github.com/ca11ou5/avito-trainee-assignment/internal/models/models.go:73.2,73.22 1 0
github.com/ca11ou5/avito-trainee-assignment/internal/models/models.go:73.22,75.3 1 0
github.com/ca11ou5/avito-trainee-assignment/internal/models/models.go:77.2,77.26 1 0
github.com/ca11ou5/avito-trainee-assignment/internal/models/models.go:77.26,79.3 1 0
github.com/ca11ou5/avito-trainee-assignment/internal/models/models.go:81.2,81.25 1 0
github.com/ca11ou5/avito-trainee-assignment/internal/models/models.go:81.25,83.3 1 0
github.com/ca11ou5/avito-trainee-assignment/internal/models/models.go:85.2,85.12 1 0
github.com/ca11ou5/avito-trainee-assignment/internal/mock/auth_repository.go:9.91,12.2 2 1
github.com/ca11ou5/avito-trainee-assignment/internal/mock/auth_repository.go:14.89,17.2 2 1
github.com/ca11ou5/avito-trainee-assignment/internal/mock/auth_repository.go:19.85,22.2 2 1
github.com/ca11ou5/avito-trainee-assignment/internal/mock/auth_repository.go:24.85,27.2 2 1
github.com/ca11ou5/avito-trainee-assignment/internal/mock/merch_repository.go:14.88,17.2 2 1
github.com/ca11ou5/avito-trainee-assignment/internal/mock/merch_repository.go:19.95,22.2 2 1
github.com/ca11ou5/avito-trainee-assignment/internal/mock/merch_repository.go:24.99,27.2 2 1
github.com/ca11ou5/avito-trainee-assignment/internal/mock/merch_repository.go:29.110,32.2 2 1
github.com/ca11ou5/avito-trainee-assignment/internal/mock/merch_repository.go:34.110,37.2 2 1
github.com/ca11ou5/avito-trainee-assignment/internal/mock/merch_repository.go:39.85,42.2 2 1
github.com/ca11ou5/avito-trainee-assignment/internal/mock/merch_repository.go:44.105,47.2 2 1
github.com/ca11ou5/avito-trainee-assignment/internal/models/models.go:40.45,41.21 1 0
github.com/ca11ou5/avito-trainee-assignment/internal/models/models.go:41.21,43.3 1 0
github.com/ca11ou5/avito-trainee-assignment/internal/models/models.go:45.2,45.20 1 0
github.com/ca11ou5/avito-trainee-assignment/internal/models/models.go:45.20,47.3 1 0
github.com/ca11ou5/avito-trainee-assignment/internal/models/models.go:49.2,49.19 1 0
github.com/ca11ou5/avito-trainee-assignment/internal/models/models.go:49.19,51.3 1 0
github.com/ca11ou5/avito-trainee-assignment/internal/models/models.go:53.2,53.12 1 0
github.com/ca11ou5/avito-trainee-assignment/internal/models/models.go:68.40,69.22 1 0
github.com/ca11ou5/avito-trainee-assignment/internal/models/models.go:69.22,71.3 1 0
github.com/ca11ou5/avito-trainee-assignment/internal/models/models.go:73.2,73.22 1 0
github.com/ca11ou5/avito-trainee-assignment/internal/models/models.go:73.22,75.3 1 0
github.com/ca11ou5/avito-trainee-assignment/internal/models/models.go:77.2,77.26 1 0
github.com/ca11ou5/avito-trainee-assignment/internal/models/models.go:77.26,79.3 1 0
github.com/ca11ou5/avito-trainee-assignment/internal/models/models.go:81.2,81.25 1 0
github.com/ca11ou5/avito-trainee-assignment/internal/models/models.go:81.25,83.3 1 0
github.com/ca11ou5/avito-trainee-assignment/internal/models/models.go:85.2,85.12 1 0
github.com/ca11ou5/avito-trainee-assignment/internal/service/impl.go:18.99,21.16 2 1
github.com/ca11ou5/avito-trainee-assignment/internal/service/impl.go:21.16,23.17 2 1
github.com/ca11ou5/avito-trainee-assignment/internal/service/impl.go:23.17,25.4 1 0
github.com/ca11ou5/avito-trainee-assignment/internal/service/impl.go:27.3,28.17 2 1
github.com/ca11ou5/avito-trainee-assignment/internal/service/impl.go:28.17,30.4 1 0
github.com/ca11ou5/avito-trainee-assignment/internal/service/impl.go:32.3,33.17 2 1
github.com/ca11ou5/avito-trainee-assignment/internal/service/impl.go:33.17,35.4 1 0
github.com/ca11ou5/avito-trainee-assignment/internal/service/impl.go:37.3,37.20 1 1
github.com/ca11ou5/avito-trainee-assignment/internal/service/impl.go:40.2,41.16 2 1
github.com/ca11ou5/avito-trainee-assignment/internal/service/impl.go:41.16,43.3 1 0
github.com/ca11ou5/avito-trainee-assignment/internal/service/impl.go:45.2,46.16 2 1
github.com/ca11ou5/avito-trainee-assignment/internal/service/impl.go:46.16,48.3 1 1
github.com/ca11ou5/avito-trainee-assignment/internal/service/impl.go:50.2,51.16 2 1
github.com/ca11ou5/avito-trainee-assignment/internal/service/impl.go:51.16,53.3 1 0
github.com/ca11ou5/avito-trainee-assignment/internal/service/impl.go:55.2,55.19 1 1
github.com/ca11ou5/avito-trainee-assignment/internal/service/impl.go:58.99,60.16 2 1
github.com/ca11ou5/avito-trainee-assignment/internal/service/impl.go:60.16,62.3 1 0
github.com/ca11ou5/avito-trainee-assignment/internal/service/impl.go:64.2,65.16 2 1
github.com/ca11ou5/avito-trainee-assignment/internal/service/impl.go:65.16,67.3 1 1
github.com/ca11ou5/avito-trainee-assignment/internal/service/impl.go:69.2,70.16 2 1
github.com/ca11ou5/avito-trainee-assignment/internal/service/impl.go:70.16,72.3 1 0
github.com/ca11ou5/avito-trainee-assignment/internal/service/impl.go:74.2,74.18 1 1
github.com/ca11ou5/avito-trainee-assignment/internal/service/impl.go:77.99,79.16 2 1
github.com/ca11ou5/avito-trainee-assignment/internal/service/impl.go:79.16,81.3 1 1
github.com/ca11ou5/avito-trainee-assignment/internal/service/impl.go:83.2,83.30 1 1
github.com/ca11ou5/avito-trainee-assignment/internal/service/impl.go:83.30,85.3 1 0
github.com/ca11ou5/avito-trainee-assignment/internal/service/impl.go:87.2,87.56 1 1
github.com/ca11ou5/avito-trainee-assignment/internal/service/impl.go:87.56,89.17 2 1
github.com/ca11ou5/avito-trainee-assignment/internal/service/impl.go:89.17,91.4 1 0
github.com/ca11ou5/avito-trainee-assignment/internal/service/impl.go:94.2,95.16 2 1
github.com/ca11ou5/avito-trainee-assignment/internal/service/impl.go:95.16,96.51 1 0
github.com/ca11ou5/avito-trainee-assignment/internal/service/impl.go:96.51,98.4 1 0
github.com/ca11ou5/avito-trainee-assignment/internal/service/impl.go:99.3,99.42 1 0
github.com/ca11ou5/avito-trainee-assignment/internal/service/impl.go:102.2,102.12 1 1
github.com/ca11ou5/avito-trainee-assignment/internal/service/impl.go:105.81,107.16 2 1
github.com/ca11ou5/avito-trainee-assignment/internal/service/impl.go:107.16,109.3 1 0
github.com/ca11ou5/avito-trainee-assignment/internal/service/impl.go:111.2,112.16 2 1
github.com/ca11ou5/avito-trainee-assignment/internal/service/impl.go:112.16,114.3 1 0
github.com/ca11ou5/avito-trainee-assignment/internal/service/impl.go:116.2,117.16 2 1
github.com/ca11ou5/avito-trainee-assignment/internal/service/impl.go:117.16,119.3 1 0
github.com/ca11ou5/avito-trainee-assignment/internal/service/impl.go:121.2,122.16 2 1
github.com/ca11ou5/avito-trainee-assignment/internal/service/impl.go:122.16,123.51 1 1
github.com/ca11ou5/avito-trainee-assignment/internal/service/impl.go:123.51,125.4 1 1
github.com/ca11ou5/avito-trainee-assignment/internal/service/impl.go:126.3,126.54 1 0
github.com/ca11ou5/avito-trainee-assignment/internal/service/impl.go:129.2,129.12 1 1
github.com/ca11ou5/avito-trainee-assignment/internal/service/service.go:39.63,44.2 1 0
github.com/ca11ou5/avito-trainee-assignment/internal/adapters/primary/http/auth.go:22.56,25.23 2 1
github.com/ca11ou5/avito-trainee-assignment/internal/adapters/primary/http/auth.go:25.23,27.3 1 1
github.com/ca11ou5/avito-trainee-assignment/internal/adapters/primary/http/auth.go:29.2,30.55 2 1
github.com/ca11ou5/avito-trainee-assignment/internal/adapters/primary/http/auth.go:30.55,32.3 1 1
github.com/ca11ou5/avito-trainee-assignment/internal/adapters/primary/http/auth.go:34.2,34.25 1 1
github.com/ca11ou5/avito-trainee-assignment/internal/adapters/primary/http/auth.go:34.25,36.3 1 1
github.com/ca11ou5/avito-trainee-assignment/internal/adapters/primary/http/auth.go:38.2,38.27 1 1
github.com/ca11ou5/avito-trainee-assignment/internal/adapters/primary/http/auth.go:41.47,43.2 1 1
github.com/ca11ou5/avito-trainee-assignment/internal/adapters/primary/http/auth.go:45.53,46.71 1 1
github.com/ca11ou5/avito-trainee-assignment/internal/adapters/primary/http/auth.go:46.71,50.17 3 1
github.com/ca11ou5/avito-trainee-assignment/internal/adapters/primary/http/auth.go:50.17,54.4 3 1
github.com/ca11ou5/avito-trainee-assignment/internal/adapters/primary/http/auth.go:56.3,56.86 1 1
github.com/ca11ou5/avito-trainee-assignment/internal/adapters/primary/http/routes.go:26.66,33.9 5 1
github.com/ca11ou5/avito-trainee-assignment/internal/adapters/primary/http/routes.go:34.47,37.9 3 1
github.com/ca11ou5/avito-trainee-assignment/internal/adapters/primary/http/routes.go:38.18,41.9 3 0
github.com/ca11ou5/avito-trainee-assignment/internal/adapters/primary/http/routes.go:42.10,46.9 4 1
github.com/ca11ou5/avito-trainee-assignment/internal/adapters/primary/http/routes.go:50.67,54.16 3 1
github.com/ca11ou5/avito-trainee-assignment/internal/adapters/primary/http/routes.go:54.16,58.3 3 0
github.com/ca11ou5/avito-trainee-assignment/internal/adapters/primary/http/routes.go:59.2,63.16 4 1
github.com/ca11ou5/avito-trainee-assignment/internal/adapters/primary/http/routes.go:63.16,67.3 3 1
github.com/ca11ou5/avito-trainee-assignment/internal/adapters/primary/http/routes.go:69.2,70.16 2 1
github.com/ca11ou5/avito-trainee-assignment/internal/adapters/primary/http/routes.go:70.16,74.3 3 1
github.com/ca11ou5/avito-trainee-assignment/internal/adapters/primary/http/routes.go:76.2,82.9 5 1
github.com/ca11ou5/avito-trainee-assignment/internal/adapters/primary/http/routes.go:83.47,86.9 3 0
github.com/ca11ou5/avito-trainee-assignment/internal/adapters/primary/http/routes.go:87.150,90.9 3 1
github.com/ca11ou5/avito-trainee-assignment/internal/adapters/primary/http/routes.go:91.18,94.9 3 0
github.com/ca11ou5/avito-trainee-assignment/internal/adapters/primary/http/routes.go:97.2,97.30 1 1
github.com/ca11ou5/avito-trainee-assignment/internal/adapters/primary/http/routes.go:100.66,104.16 3 0
github.com/ca11ou5/avito-trainee-assignment/internal/adapters/primary/http/routes.go:104.16,108.3 3 0
github.com/ca11ou5/avito-trainee-assignment/internal/adapters/primary/http/routes.go:110.2,116.9 5 0
github.com/ca11ou5/avito-trainee-assignment/internal/adapters/primary/http/routes.go:117.96,120.9 3 0
github.com/ca11ou5/avito-trainee-assignment/internal/adapters/primary/http/routes.go:121.98,124.9 3 0
github.com/ca11ou5/avito-trainee-assignment/internal/adapters/primary/http/routes.go:125.18,128.9 3 0
github.com/ca11ou5/avito-trainee-assignment/internal/adapters/primary/http/routes.go:131.2,131.30 1 0
github.com/ca11ou5/avito-trainee-assignment/internal/adapters/primary/http/routes.go:134.63,138.16 3 0
github.com/ca11ou5/avito-trainee-assignment/internal/adapters/primary/http/routes.go:138.16,142.3 3 0
github.com/ca11ou5/avito-trainee-assignment/internal/adapters/primary/http/routes.go:143.2,147.16 4 0
github.com/ca11ou5/avito-trainee-assignment/internal/adapters/primary/http/routes.go:147.16,151.3 3 0
github.com/ca11ou5/avito-trainee-assignment/internal/adapters/primary/http/routes.go:153.2,154.16 2 0
github.com/ca11ou5/avito-trainee-assignment/internal/adapters/primary/http/routes.go:154.16,158.3 3 0
github.com/ca11ou5/avito-trainee-assignment/internal/adapters/primary/http/routes.go:160.2,164.9 4 0
github.com/ca11ou5/avito-trainee-assignment/internal/adapters/primary/http/routes.go:165.48,168.9 3 0
github.com/ca11ou5/avito-trainee-assignment/internal/adapters/primary/http/routes.go:169.18,172.9 3 0
github.com/ca11ou5/avito-trainee-assignment/internal/adapters/primary/http/routes.go:173.10,176.9 3 0
github.com/ca11ou5/avito-trainee-assignment/internal/adapters/primary/http/server.go:33.37,37.2 1 0
github.com/ca11ou5/avito-trainee-assignment/internal/adapters/primary/http/server.go:39.52,49.2 3 0
github.com/ca11ou5/avito-trainee-assignment/internal/adapters/primary/http/server.go:51.43,57.2 4 0
github.com/ca11ou5/avito-trainee-assignment/internal/adapters/primary/http/server.go:57.2,61.3 3 0
github.com/ca11ou5/avito-trainee-assignment/internal/adapters/primary/http/server.go:61.3,65.4 3 0
github.com/ca11ou5/avito-trainee-assignment/internal/adapters/primary/http/server.go:66.3,66.35 1 0
github.com/ca11ou5/avito-trainee-assignment/internal/adapters/primary/http/server.go:68.2,70.15 2 0
github.com/ca11ou5/avito-trainee-assignment/internal/adapters/primary/http/utils.go:7.37,13.2 2 1
github.com/ca11ou5/avito-trainee-assignment/internal/adapters/primary/http/utils.go:15.40,21.2 2 0
github.com/ca11ou5/avito-trainee-assignment/internal/models/models.go:40.45,41.21 1 1
github.com/ca11ou5/avito-trainee-assignment/internal/models/models.go:41.21,43.3 1 0
github.com/ca11ou5/avito-trainee-assignment/internal/models/models.go:45.2,45.20 1 1
github.com/ca11ou5/avito-trainee-assignment/internal/models/models.go:45.20,47.3 1 1
github.com/ca11ou5/avito-trainee-assignment/internal/models/models.go:49.2,49.19 1 1
github.com/ca11ou5/avito-trainee-assignment/internal/models/models.go:49.19,51.3 1 0
github.com/ca11ou5/avito-trainee-assignment/internal/models/models.go:53.2,53.12 1 1
github.com/ca11ou5/avito-trainee-assignment/internal/models/models.go:68.40,69.22 1 0
github.com/ca11ou5/avito-trainee-assignment/internal/models/models.go:69.22,71.3 1 0
github.com/ca11ou5/avito-trainee-assignment/internal/models/models.go:73.2,73.22 1 0
github.com/ca11ou5/avito-trainee-assignment/internal/models/models.go:73.22,75.3 1 0
github.com/ca11ou5/avito-trainee-assignment/internal/models/models.go:77.2,77.26 1 0
github.com/ca11ou5/avito-trainee-assignment/internal/models/models.go:77.26,79.3 1 0
github.com/ca11ou5/avito-trainee-assignment/internal/models/models.go:81.2,81.25 1 0
github.com/ca11ou5/avito-trainee-assignment/internal/models/models.go:81.25,83.3 1 0
github.com/ca11ou5/avito-trainee-assignment/internal/models/models.go:85.2,85.12 1 0
github.com/ca11ou5/avito-trainee-assignment/internal/adapters/secondary/auth/client.go:7.42,11.2 1 0
github.com/ca11ou5/avito-trainee-assignment/internal/adapters/secondary/auth/impl.go:12.68,26.16 5 1
github.com/ca11ou5/avito-trainee-assignment/internal/adapters/secondary/auth/impl.go:26.16,28.3 1 0
github.com/ca11ou5/avito-trainee-assignment/internal/adapters/secondary/auth/impl.go:30.2,30.25 1 1
github.com/ca11ou5/avito-trainee-assignment/internal/adapters/secondary/auth/impl.go:33.65,34.108 1 1
github.com/ca11ou5/avito-trainee-assignment/internal/adapters/secondary/auth/impl.go:34.108,35.58 1 1
github.com/ca11ou5/avito-trainee-assignment/internal/adapters/secondary/auth/impl.go:35.58,37.4 1 0
github.com/ca11ou5/avito-trainee-assignment/internal/adapters/secondary/auth/impl.go:39.3,39.32 1 1
github.com/ca11ou5/avito-trainee-assignment/internal/adapters/secondary/auth/impl.go:41.2,41.16 1 1
github.com/ca11ou5/avito-trainee-assignment/internal/adapters/secondary/auth/impl.go:41.16,43.3 1 1
github.com/ca11ou5/avito-trainee-assignment/internal/adapters/secondary/auth/impl.go:45.2,45.74 1 1
github.com/ca11ou5/avito-trainee-assignment/internal/adapters/secondary/auth/impl.go:45.74,48.21 2 1
github.com/ca11ou5/avito-trainee-assignment/internal/adapters/secondary/auth/impl.go:48.21,50.4 1 0
github.com/ca11ou5/avito-trainee-assignment/internal/adapters/secondary/auth/impl.go:52.3,53.17 2 1
github.com/ca11ou5/avito-trainee-assignment/internal/adapters/secondary/auth/impl.go:53.17,55.4 1 0
github.com/ca11ou5/avito-trainee-assignment/internal/adapters/secondary/auth/impl.go:57.3,57.33 1 1
github.com/ca11ou5/avito-trainee-assignment/internal/adapters/secondary/auth/impl.go:57.33,59.4 1 0
github.com/ca11ou5/avito-trainee-assignment/internal/adapters/secondary/auth/impl.go:61.3,61.23 1 1
github.com/ca11ou5/avito-trainee-assignment/internal/adapters/secondary/auth/impl.go:64.2,64.44 1 0
github.com/ca11ou5/avito-trainee-assignment/internal/adapters/secondary/auth/impl.go:67.65,70.2 2 1
github.com/ca11ou5/avito-trainee-assignment/internal/adapters/secondary/auth/impl.go:72.75,74.2 1 1
github.com/ca11ou5/avito-trainee-assignment/internal/models/models.go:40.45,41.21 1 0
github.com/ca11ou5/avito-trainee-assignment/internal/models/models.go:41.21,43.3 1 0
github.com/ca11ou5/avito-trainee-assignment/internal/models/models.go:45.2,45.20 1 0
github.com/ca11ou5/avito-trainee-assignment/internal/models/models.go:45.20,47.3 1 0
github.com/ca11ou5/avito-trainee-assignment/internal/models/models.go:49.2,49.19 1 0
github.com/ca11ou5/avito-trainee-assignment/internal/models/models.go:49.19,51.3 1 0
github.com/ca11ou5/avito-trainee-assignment/internal/models/models.go:53.2,53.12 1 0
github.com/ca11ou5/avito-trainee-assignment/internal/models/models.go:68.40,69.22 1 0
github.com/ca11ou5/avito-trainee-assignment/internal/models/models.go:69.22,71.3 1 0
github.com/ca11ou5/avito-trainee-assignment/internal/models/models.go:73.2,73.22 1 0
github.com/ca11ou5/avito-trainee-assignment/internal/models/models.go:73.22,75.3 1 0
github.com/ca11ou5/avito-trainee-assignment/internal/models/models.go:77.2,77.26 1 0
github.com/ca11ou5/avito-trainee-assignment/internal/models/models.go:77.26,79.3 1 0
github.com/ca11ou5/avito-trainee-assignment/internal/models/models.go:81.2,81.25 1 0
github.com/ca11ou5/avito-trainee-assignment/internal/models/models.go:81.25,83.3 1 0
github.com/ca11ou5/avito-trainee-assignment/internal/models/models.go:85.2,85.12 1 0
